<?xml version="1.0" encoding="UTF-8"?>
<testsuites name="jest tests" tests="32" failures="0" errors="0" time="5.794">
  <testsuite name="MessagingController Unit Tests" errors="0" failures="0" skipped="0" timestamp="2026-06-06T08:54:08" time="4.918" tests="32">
    <testcase classname="MessagingController Unit Tests startConversation test_startConversation_missingParticipantId_returns400BadRequest" name="MessagingController Unit Tests startConversation test_startConversation_missingParticipantId_returns400BadRequest" time="0.126">
    </testcase>
    <testcase classname="MessagingController Unit Tests startConversation test_startConversation_selfConversation_returns400BadRequest" name="MessagingController Unit Tests startConversation test_startConversation_selfConversation_returns400BadRequest" time="0.046">
    </testcase>
    <testcase classname="MessagingController Unit Tests startConversation test_startConversation_participantNotFound_returns404NotFound" name="MessagingController Unit Tests startConversation test_startConversation_participantNotFound_returns404NotFound" time="0.024">
    </testcase>
    <testcase classname="MessagingController Unit Tests startConversation test_startConversation_validInput_returnsConversationDetails" name="MessagingController Unit Tests startConversation test_startConversation_validInput_returnsConversationDetails" time="0.023">
    </testcase>
    <testcase classname="MessagingController Unit Tests startConversation test_startConversation_repositoryThrows_callsNext" name="MessagingController Unit Tests startConversation test_startConversation_repositoryThrows_callsNext" time="0.022">
    </testcase>
    <testcase classname="MessagingController Unit Tests getConversations test_getConversations_validUser_returnsConversationsList" name="MessagingController Unit Tests getConversations test_getConversations_validUser_returnsConversationsList" time="0.023">
    </testcase>
    <testcase classname="MessagingController Unit Tests getConversations test_getConversations_defaultPagination_usesDefaultLimitOffset" name="MessagingController Unit Tests getConversations test_getConversations_defaultPagination_usesDefaultLimitOffset" time="0.017">
    </testcase>
    <testcase classname="MessagingController Unit Tests getConversations test_getConversations_repositoryThrows_callsNext" name="MessagingController Unit Tests getConversations test_getConversations_repositoryThrows_callsNext" time="0.022">
    </testcase>
    <testcase classname="MessagingController Unit Tests getConversationDetails test_getConversationDetails_notParticipant_returns403Forbidden" name="MessagingController Unit Tests getConversationDetails test_getConversationDetails_notParticipant_returns403Forbidden" time="0.033">
    </testcase>
    <testcase classname="MessagingController Unit Tests getConversationDetails test_getConversationDetails_conversationNotFound_returns404NotFound" name="MessagingController Unit Tests getConversationDetails test_getConversationDetails_conversationNotFound_returns404NotFound" time="0.025">
    </testcase>
    <testcase classname="MessagingController Unit Tests getConversationDetails test_getConversationDetails_validParticipant_returnsConversation" name="MessagingController Unit Tests getConversationDetails test_getConversationDetails_validParticipant_returnsConversation" time="0.002">
    </testcase>
    <testcase classname="MessagingController Unit Tests sendMessage test_sendMessage_emptyTextContent_returns400BadRequest" name="MessagingController Unit Tests sendMessage test_sendMessage_emptyTextContent_returns400BadRequest" time="0.072">
    </testcase>
    <testcase classname="MessagingController Unit Tests sendMessage test_sendMessage_notParticipant_returns403Forbidden" name="MessagingController Unit Tests sendMessage test_sendMessage_notParticipant_returns403Forbidden" time="0.001">
    </testcase>
    <testcase classname="MessagingController Unit Tests sendMessage test_sendMessage_validTextMessage_returns201WithMessage" name="MessagingController Unit Tests sendMessage test_sendMessage_validTextMessage_returns201WithMessage" time="0.019">
    </testcase>
    <testcase classname="MessagingController Unit Tests sendMessage test_sendMessage_imageMessageWithNoContent_sends201Successfully" name="MessagingController Unit Tests sendMessage test_sendMessage_imageMessageWithNoContent_sends201Successfully" time="0.034">
    </testcase>
    <testcase classname="MessagingController Unit Tests getMessages test_getMessages_notParticipant_returns403Forbidden" name="MessagingController Unit Tests getMessages test_getMessages_notParticipant_returns403Forbidden" time="0.025">
    </testcase>
    <testcase classname="MessagingController Unit Tests getMessages test_getMessages_validParticipant_returnsMessages" name="MessagingController Unit Tests getMessages test_getMessages_validParticipant_returnsMessages" time="0.023">
    </testcase>
    <testcase classname="MessagingController Unit Tests markConversationAsRead test_markConversationAsRead_notParticipant_returns403Forbidden" name="MessagingController Unit Tests markConversationAsRead test_markConversationAsRead_notParticipant_returns403Forbidden" time="0.029">
    </testcase>
    <testcase classname="MessagingController Unit Tests markConversationAsRead test_markConversationAsRead_validParticipant_returnsUpdatedCount" name="MessagingController Unit Tests markConversationAsRead test_markConversationAsRead_validParticipant_returnsUpdatedCount" time="0.038">
    </testcase>
    <testcase classname="MessagingController Unit Tests deleteConversation test_deleteConversation_notParticipant_returns403Forbidden" name="MessagingController Unit Tests deleteConversation test_deleteConversation_notParticipant_returns403Forbidden" time="0.015">
    </testcase>
    <testcase classname="MessagingController Unit Tests deleteConversation test_deleteConversation_validParticipant_deletesAndReturns200Success" name="MessagingController Unit Tests deleteConversation test_deleteConversation_validParticipant_deletesAndReturns200Success" time="0.01">
    </testcase>
    <testcase classname="MessagingController Unit Tests deleteMessage test_deleteMessage_validInput_deletesMessageAndReturns200" name="MessagingController Unit Tests deleteMessage test_deleteMessage_validInput_deletesMessageAndReturns200" time="0.06">
    </testcase>
    <testcase classname="MessagingController Unit Tests deleteMessage test_deleteMessage_repositoryThrows_callsNext" name="MessagingController Unit Tests deleteMessage test_deleteMessage_repositoryThrows_callsNext" time="0.002">
    </testcase>
    <testcase classname="MessagingController Unit Tests searchMessages test_searchMessages_emptyQuery_returns400BadRequest" name="MessagingController Unit Tests searchMessages test_searchMessages_emptyQuery_returns400BadRequest" time="0.05">
    </testcase>
    <testcase classname="MessagingController Unit Tests searchMessages test_searchMessages_missingQuery_returns400BadRequest" name="MessagingController Unit Tests searchMessages test_searchMessages_missingQuery_returns400BadRequest" time="0.002">
    </testcase>
    <testcase classname="MessagingController Unit Tests searchMessages test_searchMessages_notParticipant_returns403Forbidden" name="MessagingController Unit Tests searchMessages test_searchMessages_notParticipant_returns403Forbidden" time="0.013">
    </testcase>
    <testcase classname="MessagingController Unit Tests searchMessages test_searchMessages_validInput_returnsSearchResults" name="MessagingController Unit Tests searchMessages test_searchMessages_validInput_returnsSearchResults" time="0.015">
    </testcase>
    <testcase classname="MessagingController Unit Tests getUnreadCount test_getUnreadCount_validUser_returnsUnreadConversationCount" name="MessagingController Unit Tests getUnreadCount test_getUnreadCount_validUser_returnsUnreadConversationCount" time="0.011">
    </testcase>
    <testcase classname="MessagingController Unit Tests getUnreadCount test_getUnreadCount_repositoryThrows_callsNext" name="MessagingController Unit Tests getUnreadCount test_getUnreadCount_repositoryThrows_callsNext" time="0.001">
    </testcase>
    <testcase classname="MessagingController Unit Tests getUserPresence test_getUserPresence_profileNotFound_returns404NotFound" name="MessagingController Unit Tests getUserPresence test_getUserPresence_profileNotFound_returns404NotFound" time="0.009">
    </testcase>
    <testcase classname="MessagingController Unit Tests getUserPresence test_getUserPresence_userOnlineInCache_returnsOnlineTrue" name="MessagingController Unit Tests getUserPresence test_getUserPresence_userOnlineInCache_returnsOnlineTrue" time="0.006">
    </testcase>
    <testcase classname="MessagingController Unit Tests getUserPresence test_getUserPresence_userOffline_returnsOnlineFalse" name="MessagingController Unit Tests getUserPresence test_getUserPresence_userOffline_returnsOnlineFalse" time="0.004">
    </testcase>
  </testsuite>
</testsuites>