<?xml version="1.0" encoding="UTF-8"?>
<testsuites name="jest tests" tests="38" failures="0" errors="0" time="2.361">
  <testsuite name="ProductController Unit Tests" errors="0" failures="0" skipped="37" timestamp="2026-06-06T09:35:17" time="1.821" tests="38">
    <testcase classname="ProductController Unit Tests createProduct test_createProduct_missingStoreId_returns400BadRequest" name="ProductController Unit Tests createProduct test_createProduct_missingStoreId_returns400BadRequest" time="0">
      <skipped/>
    </testcase>
    <testcase classname="ProductController Unit Tests createProduct test_createProduct_missingName_returns400BadRequest" name="ProductController Unit Tests createProduct test_createProduct_missingName_returns400BadRequest" time="0">
      <skipped/>
    </testcase>
    <testcase classname="ProductController Unit Tests createProduct test_createProduct_missingPrice_returns400BadRequest" name="ProductController Unit Tests createProduct test_createProduct_missingPrice_returns400BadRequest" time="0">
      <skipped/>
    </testcase>
    <testcase classname="ProductController Unit Tests createProduct test_createProduct_storeNotFound_returns404NotFound" name="ProductController Unit Tests createProduct test_createProduct_storeNotFound_returns404NotFound" time="0">
      <skipped/>
    </testcase>
    <testcase classname="ProductController Unit Tests createProduct test_createProduct_notAuthorizedOwner_returns403Forbidden" name="ProductController Unit Tests createProduct test_createProduct_notAuthorizedOwner_returns403Forbidden" time="0">
      <skipped/>
    </testcase>
    <testcase classname="ProductController Unit Tests createProduct test_createProduct_validInput_createsProductAndReturns201Created" name="ProductController Unit Tests createProduct test_createProduct_validInput_createsProductAndReturns201Created" time="0">
      <skipped/>
    </testcase>
    <testcase classname="ProductController Unit Tests getProductById test_getProductById_invalidUuid_returns404NotFound" name="ProductController Unit Tests getProductById test_getProductById_invalidUuid_returns404NotFound" time="0">
      <skipped/>
    </testcase>
    <testcase classname="ProductController Unit Tests getProductById test_getProductById_productDoesNotExist_returns404NotFound" name="ProductController Unit Tests getProductById test_getProductById_productDoesNotExist_returns404NotFound" time="0">
      <skipped/>
    </testcase>
    <testcase classname="ProductController Unit Tests getProductById test_getProductById_storeNotVerified_returns404NotFound" name="ProductController Unit Tests getProductById test_getProductById_storeNotVerified_returns404NotFound" time="0">
      <skipped/>
    </testcase>
    <testcase classname="ProductController Unit Tests getProductById test_getProductById_verifiedStoreProduct_returns200AndProductDetails" name="ProductController Unit Tests getProductById test_getProductById_verifiedStoreProduct_returns200AndProductDetails" time="0">
      <skipped/>
    </testcase>
    <testcase classname="ProductController Unit Tests getStoreProducts test_getStoreProducts_storeNotFound_returns200AndEmptyArray" name="ProductController Unit Tests getStoreProducts test_getStoreProducts_storeNotFound_returns200AndEmptyArray" time="0">
      <skipped/>
    </testcase>
    <testcase classname="ProductController Unit Tests getStoreProducts test_getStoreProducts_storeNotVerified_returns200AndEmptyArray" name="ProductController Unit Tests getStoreProducts test_getStoreProducts_storeNotVerified_returns200AndEmptyArray" time="0">
      <skipped/>
    </testcase>
    <testcase classname="ProductController Unit Tests getStoreProducts test_getStoreProducts_verifiedStore_returnsProductsList" name="ProductController Unit Tests getStoreProducts test_getStoreProducts_verifiedStore_returnsProductsList" time="0">
      <skipped/>
    </testcase>
    <testcase classname="ProductController Unit Tests updateProduct test_updateProduct_productNotFound_returns404NotFound" name="ProductController Unit Tests updateProduct test_updateProduct_productNotFound_returns404NotFound" time="0">
      <skipped/>
    </testcase>
    <testcase classname="ProductController Unit Tests updateProduct test_updateProduct_notAuthorizedOwner_returns403Forbidden" name="ProductController Unit Tests updateProduct test_updateProduct_notAuthorizedOwner_returns403Forbidden" time="0">
      <skipped/>
    </testcase>
    <testcase classname="ProductController Unit Tests updateProduct test_updateProduct_authorizedOwner_updatesAndReturns200Success" name="ProductController Unit Tests updateProduct test_updateProduct_authorizedOwner_updatesAndReturns200Success" time="0">
      <skipped/>
    </testcase>
    <testcase classname="ProductController Unit Tests deleteProduct test_deleteProduct_productNotFound_returns404NotFound" name="ProductController Unit Tests deleteProduct test_deleteProduct_productNotFound_returns404NotFound" time="0">
      <skipped/>
    </testcase>
    <testcase classname="ProductController Unit Tests deleteProduct test_deleteProduct_notAuthorizedOwner_returns403Forbidden" name="ProductController Unit Tests deleteProduct test_deleteProduct_notAuthorizedOwner_returns403Forbidden" time="0">
      <skipped/>
    </testcase>
    <testcase classname="ProductController Unit Tests deleteProduct test_deleteProduct_authorizedOwner_deletesAndReturns200Success" name="ProductController Unit Tests deleteProduct test_deleteProduct_authorizedOwner_deletesAndReturns200Success" time="0">
      <skipped/>
    </testcase>
    <testcase classname="ProductController Unit Tests searchProducts test_searchProducts_validQuery_returns200AndPaginatedResults" name="ProductController Unit Tests searchProducts test_searchProducts_validQuery_returns200AndPaginatedResults" time="0">
      <skipped/>
    </testcase>
    <testcase classname="ProductController Unit Tests searchProducts test_searchProducts_noMatchesFound_returns200AndEmptyArray" name="ProductController Unit Tests searchProducts test_searchProducts_noMatchesFound_returns200AndEmptyArray" time="0">
      <skipped/>
    </testcase>
    <testcase classname="ProductController Unit Tests searchProducts test_searchProducts_sortByPriceAsc_returns200AndSortedResults" name="ProductController Unit Tests searchProducts test_searchProducts_sortByPriceAsc_returns200AndSortedResults" time="0">
      <skipped/>
    </testcase>
    <testcase classname="ProductController Unit Tests searchProducts test_searchProducts_sortByRating_passesRatingColumnToRepository" name="ProductController Unit Tests searchProducts test_searchProducts_sortByRating_passesRatingColumnToRepository" time="0">
      <skipped/>
    </testcase>
    <testcase classname="ProductController Unit Tests searchProducts test_searchProducts_withCategoryAndPriceFilters_passesFiltersToRepository" name="ProductController Unit Tests searchProducts test_searchProducts_withCategoryAndPriceFilters_passesFiltersToRepository" time="0">
      <skipped/>
    </testcase>
    <testcase classname="ProductController Unit Tests uploadProductImages test_uploadProductImages_noFilesUploaded_returns400BadRequest" name="ProductController Unit Tests uploadProductImages test_uploadProductImages_noFilesUploaded_returns400BadRequest" time="0">
      <skipped/>
    </testcase>
    <testcase classname="ProductController Unit Tests uploadProductImages test_uploadProductImages_productNotFound_returns404NotFound" name="ProductController Unit Tests uploadProductImages test_uploadProductImages_productNotFound_returns404NotFound" time="0">
      <skipped/>
    </testcase>
    <testcase classname="ProductController Unit Tests uploadProductImages test_uploadProductImages_notAuthorizedOwner_returns403Forbidden" name="ProductController Unit Tests uploadProductImages test_uploadProductImages_notAuthorizedOwner_returns403Forbidden" time="0">
      <skipped/>
    </testcase>
    <testcase classname="ProductController Unit Tests uploadProductImages test_uploadProductImages_tooManyFiles_returns400BadRequest" name="ProductController Unit Tests uploadProductImages test_uploadProductImages_tooManyFiles_returns400BadRequest" time="0">
      <skipped/>
    </testcase>
    <testcase classname="ProductController Unit Tests uploadProductImages test_uploadProductImages_validInput_uploadsAndReturns200Success" name="ProductController Unit Tests uploadProductImages test_uploadProductImages_validInput_uploadsAndReturns200Success" time="0">
      <skipped/>
    </testcase>
    <testcase classname="ProductController Unit Tests deleteProductImage test_deleteProductImage_productNotFound_returns404NotFound" name="ProductController Unit Tests deleteProductImage test_deleteProductImage_productNotFound_returns404NotFound" time="0">
      <skipped/>
    </testcase>
    <testcase classname="ProductController Unit Tests deleteProductImage test_deleteProductImage_notAuthorizedOwner_returns403Forbidden" name="ProductController Unit Tests deleteProductImage test_deleteProductImage_notAuthorizedOwner_returns403Forbidden" time="0">
      <skipped/>
    </testcase>
    <testcase classname="ProductController Unit Tests deleteProductImage test_deleteProductImage_imageNotFound_returns404NotFound" name="ProductController Unit Tests deleteProductImage test_deleteProductImage_imageNotFound_returns404NotFound" time="0">
      <skipped/>
    </testcase>
    <testcase classname="ProductController Unit Tests deleteProductImage test_deleteProductImage_authorizedOwner_deletesImageAndReturns200Success" name="ProductController Unit Tests deleteProductImage test_deleteProductImage_authorizedOwner_deletesImageAndReturns200Success" time="0">
      <skipped/>
    </testcase>
    <testcase classname="ProductController Unit Tests getCategories test_getCategories_dbHasCategories_returnsMappedCategoriesWithCounts" name="ProductController Unit Tests getCategories test_getCategories_dbHasCategories_returnsMappedCategoriesWithCounts" time="0">
      <skipped/>
    </testcase>
    <testcase classname="ProductController Unit Tests getCategories test_getCategories_dbCategoriesEmpty_fallsBackToProductCounts" name="ProductController Unit Tests getCategories test_getCategories_dbCategoriesEmpty_fallsBackToProductCounts" time="0">
      <skipped/>
    </testcase>
    <testcase classname="ProductController Unit Tests getCategories test_getCategories_categoryWithNoSlug_generatesSlugFromName" name="ProductController Unit Tests getCategories test_getCategories_categoryWithNoSlug_generatesSlugFromName" time="0">
      <skipped/>
    </testcase>
    <testcase classname="ProductController Unit Tests createProduct – additional error paths test_createProduct_listingLimitReached_returns402PaymentRequired" name="ProductController Unit Tests createProduct – additional error paths test_createProduct_listingLimitReached_returns402PaymentRequired" time="0.03">
    </testcase>
    <testcase classname="ProductController Unit Tests updateProduct – additional error paths test_updateProduct_stockQuantityProvided_updatesInventory" name="ProductController Unit Tests updateProduct – additional error paths test_updateProduct_stockQuantityProvided_updatesInventory" time="0">
      <skipped/>
    </testcase>
  </testsuite>
</testsuites>